<?xml version="1.0" encoding="UTF-8"?>
<!-- Generated by org.testng.reporters.JUnitXMLReporter -->
<testsuite ignored="0" hostname="DESKTOP-OTVE79I" failures="2" tests="15" name="Surefire test" time="157.965" errors="0" timestamp="2023-01-27T20:39:19 EST">
  <testcase classname="com.crm.qa.testcases.ContactPageTest" name="ValidateContactPageText" time="0.117"/>
  <testcase classname="com.crm.qa.testcases.ContactPageTest" name="ValidateContactPageTitleTest" time="0.033"/>
  <testcase classname="com.crm.qa.testcases.ContactPageTest" name="ValidateContactPageUrlTest" time="0.068"/>
  <testcase classname="com.crm.qa.testcases.HomePageTest" name="VerifyTitlePageTest" time="4.005">
    <failure type="java.lang.AssertionError" message="HomePage Title Not Match expected [Paanasonic eStore] but found [Panasonic eStore]">
      <![CDATA[java.lang.AssertionError: HomePage Title Not Match expected [Paanasonic eStore] but found [Panasonic eStore]
at com.crm.qa.testcases.HomePageTest.VerifyTitlePageTest(HomePageTest.java:44)
at java.base/java.util.ArrayList.forEach(ArrayList.java:1511)
... Removed 37 stack frames]]>
    </failure>
  </testcase> <!-- VerifyTitlePageTest -->
  <testcase classname="com.crm.qa.testcases.HomePageTest" name="VerifyCorrectUserNameTest" time="0.104"/>
  <testcase classname="com.crm.qa.testcases.HomePageTest" name="verifyContactsLinkTest" time="1.145"/>
  <testcase classname="com.crm.qa.testcases.HomePageTest" name="verifyDealsLinkTest" time="4.438"/>
  <testcase classname="com.crm.qa.testcases.HomePageTest" name="verifyStoreLinkTest" time="0.189"/>
  <testcase classname="com.crm.qa.testcases.LoginPageTest" name="LgnPageTitleTest" time="0.04">
    <failure type="java.lang.AssertionError" message="expected [Loogin - Panasonic eStore] but found [Login - Panasonic eStore]">
      <![CDATA[java.lang.AssertionError: expected [Loogin - Panasonic eStore] but found [Login - Panasonic eStore]
at com.crm.qa.testcases.LoginPageTest.LgnPageTitleTest(LoginPageTest.java:28)
at java.base/java.util.ArrayList.forEach(ArrayList.java:1511)
... Removed 38 stack frames]]>
    </failure>
  </testcase> <!-- LgnPageTitleTest -->
  <testcase classname="com.crm.qa.testcases.LoginPageTest" name="LgnPagelogoTest" time="0.099"/>
  <testcase classname="com.crm.qa.testcases.LoginPageTest" name="LoginTest" time="5.858"/>
  <testcase classname="com.crm.qa.testcases.ProductRegisterTest" name="RegisterProductTest" time="3.266"/>
  <testcase classname="com.crm.qa.testcases.ProductRegisterTest" name="RegisterProductTest" time="3.29"/>
  <testcase classname="com.crm.qa.testcases.ProductRegisterTest" name="RegisterProductTest" time="3.485"/>
  <testcase classname="com.crm.qa.testcases.ProductRegisterTest" name="VerifyRegisteredProduct" time="5.655"/>
</testsuite> <!-- Surefire test -->
