<!DOCTYPE html PUBLIC "-//W3C//DTD XHTML 1.1//EN" "https://www.w3.org/TR/xhtml11/DTD/xhtml11.dtd">
<html xmlns="https://www.w3.org/1999/xhtml">
<head>
<meta http-equiv="content-type" content="text/html; charset=UTF-8"/>
<title>TestNG Report</title>
<style type="text/css">table {margin-bottom:10px;border-collapse:collapse;empty-cells:show}th,td {border:1px solid #009;padding:.25em .5em}th {vertical-align:bottom}td {vertical-align:top}table a {font-weight:bold}.stripe td {background-color: #E6EBF9}.num {text-align:right}.passedodd td {background-color: #3F3}.passedeven td {background-color: #0A0}.skippedodd td {background-color: #DDD}.skippedeven td {background-color: #CCC}.failedodd td,.attn {background-color: #F33}.failedeven td,.stripe .attn {background-color: #D00}.stacktrace {white-space:pre;font-family:monospace}.totop {font-size:85%;text-align:center;border-bottom:2px solid #000}.invisible {display:none}</style>
</head>
<body>
<table>
<tr><th>Test</th><th># Passed</th><th># Skipped</th><th># Retried</th><th># Failed</th><th>Time (ms)</th><th>Included Groups</th><th>Excluded Groups</th></tr>
<tr><th colspan="8">Surefire suite</th></tr>
<tr><td><a href="#t0">Surefire test</a></td><td class="num">13</td><td class="num">0</td><td class="num">0</td><td class="num attn">2</td><td class="num">157,965</td><td></td><td></td></tr>
</table>
<table id='summary'><thead><tr><th>Class</th><th>Method</th><th>Start</th><th>Time (ms)</th></tr></thead><tbody><tr><th colspan="4">Surefire suite</th></tr></tbody><tbody id="t0"><tr><th colspan="4">Surefire test &#8212; failed</th></tr><tr class="failedeven"><td rowspan="1">com.crm.qa.testcases.HomePageTest</td><td><a href="#m0">VerifyTitlePageTest</a></td><td rowspan="1">1674869835141</td><td rowspan="1">4005</td></tr><tr class="failedodd"><td rowspan="1">com.crm.qa.testcases.LoginPageTest</td><td><a href="#m1">LgnPageTitleTest</a></td><td rowspan="1">1674869887074</td><td rowspan="1">40</td></tr><tr><th colspan="4">Surefire test &#8212; passed</th></tr><tr class="passedeven"><td rowspan="3">com.crm.qa.testcases.ContactPageTest</td><td><a href="#m2">ValidateContactPageText</a></td><td rowspan="1">1674869808735</td><td rowspan="1">117</td></tr><tr class="passedeven"><td><a href="#m3">ValidateContactPageTitleTest</a></td><td rowspan="1">1674869816608</td><td rowspan="1">33</td></tr><tr class="passedeven"><td><a href="#m4">ValidateContactPageUrlTest</a></td><td rowspan="1">1674869824316</td><td rowspan="1">68</td></tr><tr class="passedodd"><td rowspan="4">com.crm.qa.testcases.HomePageTest</td><td><a href="#m5">VerifyCorrectUserNameTest</a></td><td rowspan="1">1674869848806</td><td rowspan="1">104</td></tr><tr class="passedodd"><td><a href="#m6">verifyContactsLinkTest</a></td><td rowspan="1">1674869858757</td><td rowspan="1">1145</td></tr><tr class="passedodd"><td><a href="#m7">verifyDealsLinkTest</a></td><td rowspan="1">1674869868860</td><td rowspan="1">4438</td></tr><tr class="passedodd"><td><a href="#m8">verifyStoreLinkTest</a></td><td rowspan="1">1674869882746</td><td rowspan="1">189</td></tr><tr class="passedeven"><td rowspan="2">com.crm.qa.testcases.LoginPageTest</td><td><a href="#m9">LgnPagelogoTest</a></td><td rowspan="1">1674869892786</td><td rowspan="1">99</td></tr><tr class="passedeven"><td><a href="#m10">LoginTest</a></td><td rowspan="1">1674869896821</td><td rowspan="1">5858</td></tr><tr class="passedodd"><td rowspan="4">com.crm.qa.testcases.ProductRegisterTest</td><td><a href="#m11">RegisterProductTest</a></td><td rowspan="3">1674869939796</td><td rowspan="3">3485</td></tr><tr class="passedodd"><td><a href="#m12">RegisterProductTest</a></td></tr><tr class="passedodd"><td><a href="#m13">RegisterProductTest</a></td></tr><tr class="passedodd"><td><a href="#m14">VerifyRegisteredProduct</a></td><td rowspan="1">1674869952499</td><td rowspan="1">5655</td></tr></tbody>
</table>
<h2>Surefire test</h2><h3 id="m0">com.crm.qa.testcases.HomePageTest#VerifyTitlePageTest</h3><table class="result"><tr><th>Exception</th></tr><tr><td><div class="stacktrace">java.lang.AssertionError: HomePage Title Not Match expected [Paanasonic eStore] but found [Panasonic eStore]
	at com.crm.qa.testcases.HomePageTest.VerifyTitlePageTest(HomePageTest.java:44)
	at java.base/java.util.ArrayList.forEach(ArrayList.java:1511)
... Removed 37 stack frames</div></td></tr></table><p class="totop"><a href="#summary">back to summary</a></p>
<h3 id="m1">com.crm.qa.testcases.LoginPageTest#LgnPageTitleTest</h3><table class="result"><tr><th>Exception</th></tr><tr><td><div class="stacktrace">java.lang.AssertionError: expected [Loogin - Panasonic eStore] but found [Login - Panasonic eStore]
	at com.crm.qa.testcases.LoginPageTest.LgnPageTitleTest(LoginPageTest.java:28)
	at java.base/java.util.ArrayList.forEach(ArrayList.java:1511)
... Removed 38 stack frames</div></td></tr></table><p class="totop"><a href="#summary">back to summary</a></p>
<h3 id="m2">com.crm.qa.testcases.ContactPageTest#ValidateContactPageText</h3><table class="result"><tr><th class="invisible"/></tr></table><p class="totop"><a href="#summary">back to summary</a></p>
<h3 id="m3">com.crm.qa.testcases.ContactPageTest#ValidateContactPageTitleTest</h3><table class="result"><tr><th class="invisible"/></tr></table><p class="totop"><a href="#summary">back to summary</a></p>
<h3 id="m4">com.crm.qa.testcases.ContactPageTest#ValidateContactPageUrlTest</h3><table class="result"><tr><th class="invisible"/></tr></table><p class="totop"><a href="#summary">back to summary</a></p>
<h3 id="m5">com.crm.qa.testcases.HomePageTest#VerifyCorrectUserNameTest</h3><table class="result"><tr><th class="invisible"/></tr></table><p class="totop"><a href="#summary">back to summary</a></p>
<h3 id="m6">com.crm.qa.testcases.HomePageTest#verifyContactsLinkTest</h3><table class="result"><tr><th class="invisible"/></tr></table><p class="totop"><a href="#summary">back to summary</a></p>
<h3 id="m7">com.crm.qa.testcases.HomePageTest#verifyDealsLinkTest</h3><table class="result"><tr><th class="invisible"/></tr></table><p class="totop"><a href="#summary">back to summary</a></p>
<h3 id="m8">com.crm.qa.testcases.HomePageTest#verifyStoreLinkTest</h3><table class="result"><tr><th class="invisible"/></tr></table><p class="totop"><a href="#summary">back to summary</a></p>
<h3 id="m9">com.crm.qa.testcases.LoginPageTest#LgnPagelogoTest</h3><table class="result"><tr><th class="invisible"/></tr></table><p class="totop"><a href="#summary">back to summary</a></p>
<h3 id="m10">com.crm.qa.testcases.LoginPageTest#LoginTest</h3><table class="result"><tr><th class="invisible"/></tr></table><p class="totop"><a href="#summary">back to summary</a></p>
<h3 id="m11">com.crm.qa.testcases.ProductRegisterTest#RegisterProductTest</h3><table class="result"><tr class="param"><th>Parameter #1</th><th>Parameter #2</th><th>Parameter #3</th></tr><tr class="param stripe"><td>C-7052</td><td>10/10/2022</td><td>dealer3</td></tr></table><p class="totop"><a href="#summary">back to summary</a></p>
<h3 id="m12">com.crm.qa.testcases.ProductRegisterTest#RegisterProductTest</h3><table class="result"><tr class="param"><th>Parameter #1</th><th>Parameter #2</th><th>Parameter #3</th></tr><tr class="param stripe"><td>L45NR</td><td>10/11/2022</td><td>dealer1</td></tr></table><p class="totop"><a href="#summary">back to summary</a></p>
<h3 id="m13">com.crm.qa.testcases.ProductRegisterTest#RegisterProductTest</h3><table class="result"><tr class="param"><th>Parameter #1</th><th>Parameter #2</th><th>Parameter #3</th></tr><tr class="param stripe"><td>A10625</td><td>10/11/2021</td><td>dealer2</td></tr></table><p class="totop"><a href="#summary">back to summary</a></p>
<h3 id="m14">com.crm.qa.testcases.ProductRegisterTest#VerifyRegisteredProduct</h3><table class="result"><tr><th class="invisible"/></tr></table><p class="totop"><a href="#summary">back to summary</a></p>
</body>
</html>
