<?xml version="1.0" encoding="UTF-8"?>
<!-- Generated by org.testng.reporters.JUnitXMLReporter -->
<testsuite ignored="0" hostname="DESKTOP-OTVE79I" failures="2" tests="11" name="Test Panasonic" time="113.582" errors="0" timestamp="2023-01-27T21:28:34 EST">
  <testcase classname="com.crm.qa.testcases.LoginPageTest" name="LgnPageTitleTest" time="0.029">
    <failure type="java.lang.AssertionError" message="expected [Loogin - Panasonic eStore] but found [Login - Panasonic eStore]">
      <![CDATA[java.lang.AssertionError: expected [Loogin - Panasonic eStore] but found [Login - Panasonic eStore]
at com.crm.qa.testcases.LoginPageTest.LgnPageTitleTest(LoginPageTest.java:28)
at java.base/java.util.ArrayList.forEach(ArrayList.java:1511)
... Removed 33 stack frames]]>
    </failure>
  </testcase> <!-- LgnPageTitleTest -->
  <testcase classname="com.crm.qa.testcases.LoginPageTest" name="LgnPagelogoTest" time="0.192"/>
  <testcase classname="com.crm.qa.testcases.LoginPageTest" name="LoginTest" time="6.104"/>
  <testcase classname="com.crm.qa.testcases.HomePageTest" name="VerifyTitlePageTest" time="4.034">
    <failure type="java.lang.AssertionError" message="HomePage Title Not Match expected [Paanasonic eStore] but found [Panasonic eStore]">
      <![CDATA[java.lang.AssertionError: HomePage Title Not Match expected [Paanasonic eStore] but found [Panasonic eStore]
at com.crm.qa.testcases.HomePageTest.VerifyTitlePageTest(HomePageTest.java:44)
at java.base/java.util.ArrayList.forEach(ArrayList.java:1511)
... Removed 32 stack frames]]>
    </failure>
  </testcase> <!-- VerifyTitlePageTest -->
  <testcase classname="com.crm.qa.testcases.HomePageTest" name="VerifyCorrectUserNameTest" time="0.12"/>
  <testcase classname="com.crm.qa.testcases.HomePageTest" name="verifyContactsLinkTest" time="1.046"/>
  <testcase classname="com.crm.qa.testcases.HomePageTest" name="verifyDealsLinkTest" time="5.152"/>
  <testcase classname="com.crm.qa.testcases.HomePageTest" name="verifyStoreLinkTest" time="0.206"/>
  <testcase classname="com.crm.qa.testcases.ContactPageTest" name="ValidateContactPageText" time="0.121"/>
  <testcase classname="com.crm.qa.testcases.ContactPageTest" name="ValidateContactPageTitleTest" time="0.051"/>
  <testcase classname="com.crm.qa.testcases.ContactPageTest" name="ValidateContactPageUrlTest" time="0.074"/>
</testsuite> <!-- Test Panasonic -->
